<?xml version="1.0" encoding="UTF-8"?>
<!-- Generated by org.testng.reporters.JUnitReportReporter -->
<testsuite hostname="LAPTOP-DK9G5BAT" failures="0" tests="1" name="com.hrms.testCases.TC_LoginTest_001" time="3.224" errors="0" timestamp="2022-08-02T11:08:51 IST" skipped="0">
  <testcase classname="com.hrms.testCases.TC_LoginTest_001" name="loginTest" time="3.224"/>
  <system-out/>
</testsuite> <!-- com.hrms.testCases.TC_LoginTest_001 -->
